2020-05-25 21:36:15  WARN DelFile:90 - 删除目录E:\Java\Dev\Spark\spark\out\成功！
2020-05-25 21:36:55  WARN DelFile:90 - 删除目录E:\Java\Dev\Spark\spark\out\成功！
2020-05-25 21:58:07  WARN DelFile:90 - 删除目录E:\Java\Dev\Spark\spark\out\成功！
2020-05-25 22:00:54  WARN DelFile:90 - 删除目录E:\Java\Dev\Spark\spark\out\成功！
2020-05-25 22:01:26  WARN DelFile:90 - 删除目录E:\Java\Dev\Spark\spark\out\成功！
===================从文件读取字符串的方式===================
2020-05-26 10:03:03  WARN Words:42 - 
===================手动输入字符串的方式===================
2020-05-26 10:14:05  WARN Words:56 - 
===================从文件读取字符串的方式===================
2020-05-26 10:14:05  WARN Words:44 - 
===================手动输入字符串的方式===================
2020-05-26 10:19:49  WARN Words:58 - 
===================从文件读取字符串的方式===================
2020-05-26 10:19:49  WARN Words:46 - 
===================手动输入字符串的方式===================
2020-05-26 10:19:49  WARN Words:73 - 
===================拆分集合===================
2020-05-26 10:20:29  WARN Words:58 - 
===================从文件读取字符串的方式===================
2020-05-26 10:20:29  WARN Words:46 - 
===================手动输入字符串的方式===================
2020-05-26 10:20:29  WARN Words:73 - 
===================拆分集合===================
2020-05-26 10:21:07  WARN Words:58 - 
===================从文件读取字符串的方式===================
2020-05-26 10:21:08  WARN Words:46 - 
===================手动输入字符串的方式===================
2020-05-26 10:21:08  WARN Words:73 - 
===================拆分集合===================
2020-05-26 10:21:40  WARN Words:58 - 
===================从文件读取字符串的方式===================
2020-05-26 10:21:41  WARN Words:46 - 
===================手动输入字符串的方式===================
2020-05-26 10:21:41  WARN Words:73 - 
===================拆分集合===================
2020-05-26 10:22:33  WARN Words:58 - 
===================从文件读取字符串的方式===================
2020-05-26 10:22:34  WARN Words:46 - 
===================手动输入字符串的方式===================
2020-05-26 10:22:34  WARN Words:73 - 
===================拆分集合===================
2020-05-26 10:22:46  WARN Words:58 - 
===================从文件读取字符串的方式===================
2020-05-26 10:22:46  WARN Words:46 - 
===================手动输入字符串的方式===================
2020-05-26 10:22:46  WARN Words:73 - 
===================拆分集合===================
2020-05-26 10:22:56  WARN Words:58 - 
===================从文件读取字符串的方式===================
2020-05-26 10:22:56  WARN Words:46 - 
===================手动输入字符串的方式===================
2020-05-26 10:22:56  WARN Words:73 - 
===================拆分集合===================
2020-05-26 10:23:15  WARN Words:58 - 
===================从文件读取字符串的方式===================
2020-05-26 10:23:16  WARN Words:46 - 
===================手动输入字符串的方式===================
2020-05-26 10:23:16  WARN Words:73 - 
===================拆分集合===================
2020-05-26 10:23:23  WARN Words:58 - 
===================从文件读取字符串的方式===================
2020-05-26 10:23:23  WARN Words:46 - 
===================手动输入字符串的方式===================
2020-05-26 10:23:24  WARN Words:73 - 
===================拆分集合===================
2020-05-26 10:24:26  WARN Words:59 - 
===================从文件读取字符串的方式===================
2020-05-26 10:24:27  WARN Words:47 - 
===================手动输入字符串的方式===================
2020-05-26 10:24:27  WARN Words:74 - 
===================拆分集合===================
2020-05-26 10:24:35  WARN Words:59 - 
===================从文件读取字符串的方式===================
2020-05-26 10:24:36  WARN Words:47 - 
===================手动输入字符串的方式===================
2020-05-26 10:24:36  WARN Words:74 - 
===================拆分集合===================
2020-05-26 10:24:50  WARN Words:59 - 
===================从文件读取字符串的方式===================
2020-05-26 10:24:50  WARN Words:47 - 
===================手动输入字符串的方式===================
2020-05-26 10:24:50  WARN Words:74 - 
===================拆分集合===================
2020-05-26 10:25:30  WARN Words:59 - 
===================从文件读取字符串的方式===================
2020-05-26 10:25:30  WARN Words:47 - 
===================手动输入字符串的方式===================
2020-05-26 10:25:30  WARN Words:74 - 
===================拆分集合===================
2020-05-26 10:25:58  WARN Words:59 - 
===================从文件读取字符串的方式===================
2020-05-26 10:25:58  WARN Words:47 - 
===================手动输入字符串的方式===================
2020-05-26 10:25:58  WARN Words:74 - 
===================拆分集合===================
2020-05-26 10:32:54  WARN Words:64 - 
===================从文件读取字符串的方式===================
2020-05-26 10:32:54  WARN Words:52 - 
===================手动输入字符串的方式===================
2020-05-26 10:32:54  WARN Words:79 - 
===================拆分集合===================
2020-05-26 10:32:54  WARN Words:91 - 
===================多集合求交集===================
2020-05-26 10:33:29  WARN Words:64 - 
===================从文件读取字符串的方式===================
2020-05-26 10:33:29  WARN Words:52 - 
===================手动输入字符串的方式===================
2020-05-26 10:33:29  WARN Words:79 - 
===================拆分集合===================
2020-05-26 10:33:29  WARN Words:91 - 
===================多集合求交集===================
2020-05-26 10:34:23  WARN Words:64 - 
===================从文件读取字符串的方式===================
2020-05-26 10:34:23  WARN Words:52 - 
===================手动输入字符串的方式===================
2020-05-26 10:34:23  WARN Words:79 - 
===================拆分集合===================
2020-05-26 10:34:23  WARN Words:91 - 
===================多集合合并===================
2020-05-26 10:38:04  WARN Words:67 - 
===================从文件读取字符串的方式===================
2020-05-26 10:38:05  WARN Words:55 - 
===================手动输入字符串的方式===================
2020-05-26 10:38:05  WARN Words:82 - 
===================拆分集合===================
2020-05-26 10:38:05  WARN Words:94 - 
===================多集合合并===================
2020-05-26 10:38:05  WARN Words:105 - 
===================多集合交集===================
2020-05-26 10:38:32  WARN Words:67 - 
===================从文件读取字符串的方式===================
2020-05-26 10:38:32  WARN Words:55 - 
===================手动输入字符串的方式===================
2020-05-26 10:38:32  WARN Words:82 - 
===================拆分集合===================
2020-05-26 10:38:32  WARN Words:94 - 
===================多集合合并===================
2020-05-26 10:38:33  WARN Words:105 - 
===================多集合交集===================
2020-05-26 10:40:46  WARN Words:70 - 
===================从文件读取字符串的方式===================
2020-05-26 10:40:46  WARN Words:58 - 
===================手动输入字符串的方式===================
2020-05-26 10:40:46  WARN Words:85 - 
===================拆分集合===================
2020-05-26 10:40:47  WARN Words:97 - 
===================多集合合并===================
2020-05-26 10:40:47  WARN Words:108 - 
===================多集合交集===================
2020-05-26 10:40:47  WARN Words:119 - 
===================多集合差集===================
2020-05-26 10:43:41  WARN Words:73 - 
===================从文件读取字符串的方式===================
2020-05-26 10:43:42  WARN Words:61 - 
===================手动输入字符串的方式===================
2020-05-26 10:43:42  WARN Words:88 - 
===================拆分集合===================
2020-05-26 10:43:42  WARN Words:100 - 
===================多集合合并===================
2020-05-26 10:43:42  WARN Words:111 - 
===================多集合交集===================
2020-05-26 10:43:42  WARN Words:122 - 
===================多集合差集===================
2020-05-26 10:43:42  WARN Words:133 - 
===================笛卡尔集运算===================
2020-05-26 10:44:27  WARN Words:73 - 
===================从文件读取字符串的方式===================
2020-05-26 10:44:27  WARN Words:61 - 
===================手动输入字符串的方式===================
2020-05-26 10:44:27  WARN Words:88 - 
===================拆分集合===================
2020-05-26 10:44:27  WARN Words:100 - 
===================多集合合并===================
2020-05-26 10:44:27  WARN Words:111 - 
===================多集合交集===================
2020-05-26 10:44:27  WARN Words:122 - 
===================多集合差集===================
2020-05-26 10:44:27  WARN Words:133 - 
===================笛卡尔集运算===================
2020-05-26 10:46:32  WARN Words:73 - 
===================从文件读取字符串的方式===================
2020-05-26 10:46:32  WARN Words:61 - 
===================手动输入字符串的方式===================
2020-05-26 10:46:32  WARN Words:88 - 
===================拆分集合===================
2020-05-26 10:46:32  WARN Words:100 - 
===================多集合合并===================
2020-05-26 10:46:32  WARN Words:111 - 
===================多集合交集===================
2020-05-26 10:46:33  WARN Words:122 - 
===================多集合差集===================
2020-05-26 10:46:33  WARN Words:133 - 
===================笛卡尔集运算===================
